2018-11-15 20:45:40,037 [main] INFO  com.mozi.AttendanceSystemApplication 50 - Starting AttendanceSystemApplication on DESKTOP-UKK6AN3 with PID 15768 (D:\workspace\Mozi\attendance-system\target\classes started by MOZi in D:\workspace\Mozi\attendance-system)
2018-11-15 20:45:40,041 [main] INFO  com.mozi.AttendanceSystemApplication 679 - The following profiles are active: prod
2018-11-15 20:45:41,566 [main] INFO  o.s.b.w.e.tomcat.TomcatWebServer 90 - Tomcat initialized with port(s): 8080 (http)
2018-11-15 20:45:41,575 [main] INFO  o.a.coyote.http11.Http11NioProtocol 173 - Initializing ProtocolHandler ["http-nio-8080"]
2018-11-15 20:45:41,579 [main] INFO  o.a.catalina.core.StandardService 173 - Starting service [Tomcat]
2018-11-15 20:45:41,579 [main] INFO  o.a.catalina.core.StandardEngine 173 - Starting Servlet Engine: Apache Tomcat/9.0.12
2018-11-15 20:45:41,585 [main] INFO  o.a.c.core.AprLifecycleListener 173 - The APR based Apache Tomcat Native library which allows optimal performance in production environments was not found on the java.library.path: [C:\Program Files\Java\jdk1.8.0_91\bin;C:\Windows\Sun\Java\bin;C:\Windows\system32;C:\Windows;C:\ProgramData\Oracle\Java\javapath;C:\Windows\system32;C:\Windows;C:\Windows\System32\Wbem;C:\Windows\System32\WindowsPowerShell\v1.0\;C:\Windows\System32\OpenSSH\;C:\Program Files\Java\jdk1.8.0_91\bin;C:\Program Files\Java\jdk1.8.0_91\jre\bin;D:\soft\maven\apache-maven-3.5.4\bin;D:\application\git\Git\cmd;D:\application\git\Git\bin;D:\soft\gradle-5.0\gradle-5.0-rc-1\bin;C:\Users\MOZi\AppData\Local\Microsoft\WindowsApps;;.]
2018-11-15 20:45:41,673 [main] INFO  o.a.c.c.C.[Tomcat].[localhost].[/] 173 - Initializing Spring embedded WebApplicationContext
2018-11-15 20:45:41,674 [main] INFO  o.s.web.context.ContextLoader 285 - Root WebApplicationContext: initialization completed in 1571 ms
2018-11-15 20:45:41,718 [main] INFO  o.s.b.w.s.FilterRegistrationBean 248 - Mapping filter: 'characterEncodingFilter' to: [/*]
2018-11-15 20:45:41,718 [main] INFO  o.s.b.w.s.FilterRegistrationBean 248 - Mapping filter: 'hiddenHttpMethodFilter' to: [/*]
2018-11-15 20:45:41,718 [main] INFO  o.s.b.w.s.FilterRegistrationBean 248 - Mapping filter: 'formContentFilter' to: [/*]
2018-11-15 20:45:41,718 [main] INFO  o.s.b.w.s.FilterRegistrationBean 248 - Mapping filter: 'requestContextFilter' to: [/*]
2018-11-15 20:45:41,719 [main] INFO  o.s.b.w.s.DelegatingFilterProxyRegistrationBean 248 - Mapping filter: 'springSecurityFilterChain' to: [/*]
2018-11-15 20:45:41,719 [main] INFO  o.s.b.w.s.ServletRegistrationBean 186 - Servlet dispatcherServlet mapped to [/]
2018-11-15 20:45:42,335 [main] INFO  o.s.s.web.DefaultSecurityFilterChain 43 - Creating filter chain: any request, [org.springframework.security.web.context.request.async.WebAsyncManagerIntegrationFilter@21c815e4, org.springframework.security.web.context.SecurityContextPersistenceFilter@25d2f66, org.springframework.security.web.header.HeaderWriterFilter@78c1372d, org.springframework.security.web.authentication.logout.LogoutFilter@2e6f610d, org.springframework.security.web.authentication.UsernamePasswordAuthenticationFilter@2c7a8af2, org.springframework.security.web.savedrequest.RequestCacheAwareFilter@71945bc0, org.springframework.security.web.servletapi.SecurityContextHolderAwareRequestFilter@45404d5, org.springframework.security.web.authentication.AnonymousAuthenticationFilter@7342e05d, org.springframework.security.web.session.SessionManagementFilter@73fb1d7f, org.springframework.security.web.access.ExceptionTranslationFilter@4f6b687e, org.springframework.security.web.access.intercept.FilterSecurityInterceptor@47ffe971]
2018-11-15 20:45:42,466 [main] INFO  o.s.s.c.ThreadPoolTaskExecutor 171 - Initializing ExecutorService 'applicationTaskExecutor'
2018-11-15 20:45:42,605 [main] WARN  o.t.templatemode.TemplateMode 150 - [THYMELEAF][main] Template Mode 'HTML5' is deprecated. Using Template Mode 'HTML' instead.
2018-11-15 20:45:42,664 [main] INFO  o.s.b.a.w.s.WelcomePageHandlerMapping 61 - Adding welcome page template: index
2018-11-15 20:45:42,879 [main] INFO  o.a.coyote.http11.Http11NioProtocol 173 - Starting ProtocolHandler ["http-nio-8080"]
2018-11-15 20:45:42,890 [main] INFO  o.a.tomcat.util.net.NioSelectorPool 173 - Using a shared selector for servlet write/read
2018-11-15 20:45:42,902 [main] INFO  o.s.b.w.e.tomcat.TomcatWebServer 204 - Tomcat started on port(s): 8080 (http) with context path ''
2018-11-15 20:45:42,905 [main] INFO  com.mozi.AttendanceSystemApplication 59 - Started AttendanceSystemApplication in 3.336 seconds (JVM running for 3.913)
